C:\USERS\OWNER\DOCUMENTS\VISUAL STUDIO 2012\PROJECTS\PLATFORM GAME\PLATFORM GAME\RELEASE\WORLDPROVIDER.OBJ
C:\USERS\OWNER\DOCUMENTS\VISUAL STUDIO 2012\PROJECTS\PLATFORM GAME\PLATFORM GAME\RELEASE\WORLD.OBJ
C:\USERS\OWNER\DOCUMENTS\VISUAL STUDIO 2012\PROJECTS\PLATFORM GAME\PLATFORM GAME\RELEASE\MAIN.OBJ
C:\USERS\OWNER\DOCUMENTS\VISUAL STUDIO 2012\PROJECTS\PLATFORM GAME\PLATFORM GAME\RELEASE\ENTITYFIREBALL.OBJ
C:\USERS\OWNER\DOCUMENTS\VISUAL STUDIO 2012\PROJECTS\PLATFORM GAME\PLATFORM GAME\RELEASE\ENTITYCHARACTER.OBJ
C:\USERS\OWNER\DOCUMENTS\VISUAL STUDIO 2012\PROJECTS\PLATFORM GAME\PLATFORM GAME\RELEASE\BLOCKSPONGE.OBJ
C:\USERS\OWNER\DOCUMENTS\VISUAL STUDIO 2012\PROJECTS\PLATFORM GAME\PLATFORM GAME\RELEASE\BLOCKPORTAL.OBJ
C:\USERS\OWNER\DOCUMENTS\VISUAL STUDIO 2012\PROJECTS\PLATFORM GAME\PLATFORM GAME\RELEASE\BLOCKLAVA.OBJ
C:\USERS\OWNER\DOCUMENTS\VISUAL STUDIO 2012\PROJECTS\PLATFORM GAME\PLATFORM GAME\RELEASE\BLOCKDISPENSER.OBJ
C:\USERS\OWNER\DOCUMENTS\VISUAL STUDIO 2012\PROJECTS\PLATFORM GAME\PLATFORM GAME\RELEASE\BLOCKDIAMOND.OBJ
C:\USERS\OWNER\DOCUMENTS\VISUAL STUDIO 2012\PROJECTS\PLATFORM GAME\PLATFORM GAME\RELEASE\BLOCKCHECKPOINT.OBJ
C:\USERS\OWNER\DOCUMENTS\VISUAL STUDIO 2012\PROJECTS\PLATFORM GAME\PLATFORM GAME\RELEASE\VC110.PDB
C:\USERS\OWNER\DOCUMENTS\VISUAL STUDIO 2012\PROJECTS\PLATFORM GAME\RELEASE\PLATFORM GAME.EXE
C:\USERS\OWNER\DOCUMENTS\VISUAL STUDIO 2012\PROJECTS\PLATFORM GAME\RELEASE\PLATFORM GAME.PDB
C:\USERS\OWNER\DOCUMENTS\VISUAL STUDIO 2012\PROJECTS\PLATFORM GAME\PLATFORM GAME\RELEASE\RESOURCES.RES
C:\Users\Owner\Documents\Visual Studio 2012\Projects\Platform Game\Platform Game\Release\BlockCheckpoint.obj
C:\Users\Owner\Documents\Visual Studio 2012\Projects\Platform Game\Platform Game\Release\BlockDiamond.obj
C:\Users\Owner\Documents\Visual Studio 2012\Projects\Platform Game\Platform Game\Release\BlockDispenser.obj
C:\Users\Owner\Documents\Visual Studio 2012\Projects\Platform Game\Platform Game\Release\BlockLava.obj
C:\Users\Owner\Documents\Visual Studio 2012\Projects\Platform Game\Platform Game\Release\BlockPortal.obj
C:\Users\Owner\Documents\Visual Studio 2012\Projects\Platform Game\Platform Game\Release\BlockSponge.obj
C:\Users\Owner\Documents\Visual Studio 2012\Projects\Platform Game\Platform Game\Release\EntityCharacter.obj
C:\Users\Owner\Documents\Visual Studio 2012\Projects\Platform Game\Platform Game\Release\EntityFireball.obj
C:\Users\Owner\Documents\Visual Studio 2012\Projects\Platform Game\Platform Game\Release\Main.obj
C:\Users\Owner\Documents\Visual Studio 2012\Projects\Platform Game\Platform Game\Release\World.obj
C:\Users\Owner\Documents\Visual Studio 2012\Projects\Platform Game\Platform Game\Release\WorldProvider.obj
C:\Users\Owner\Documents\Visual Studio 2012\Projects\Platform Game\Platform Game\Release\cl.command.1.tlog
C:\Users\Owner\Documents\Visual Studio 2012\Projects\Platform Game\Platform Game\Release\CL.read.1.tlog
C:\Users\Owner\Documents\Visual Studio 2012\Projects\Platform Game\Platform Game\Release\CL.write.1.tlog
C:\Users\Owner\Documents\Visual Studio 2012\Projects\Platform Game\Platform Game\Release\link-cvtres.read.1.tlog
C:\Users\Owner\Documents\Visual Studio 2012\Projects\Platform Game\Platform Game\Release\link-cvtres.write.1.tlog
C:\Users\Owner\Documents\Visual Studio 2012\Projects\Platform Game\Platform Game\Release\link-rc.read.1.tlog
C:\Users\Owner\Documents\Visual Studio 2012\Projects\Platform Game\Platform Game\Release\link-rc.write.1.tlog
C:\Users\Owner\Documents\Visual Studio 2012\Projects\Platform Game\Platform Game\Release\link.command.1.tlog
C:\Users\Owner\Documents\Visual Studio 2012\Projects\Platform Game\Platform Game\Release\link.read.1.tlog
C:\Users\Owner\Documents\Visual Studio 2012\Projects\Platform Game\Platform Game\Release\link.read.3.tlog
C:\Users\Owner\Documents\Visual Studio 2012\Projects\Platform Game\Platform Game\Release\link.write.1.tlog
C:\Users\Owner\Documents\Visual Studio 2012\Projects\Platform Game\Platform Game\Release\rc.command.1.tlog
C:\Users\Owner\Documents\Visual Studio 2012\Projects\Platform Game\Platform Game\Release\rc.read.1.tlog
C:\Users\Owner\Documents\Visual Studio 2012\Projects\Platform Game\Platform Game\Release\rc.write.1.tlog
C:\Users\Owner\Documents\Visual Studio 2012\Projects\Platform Game\Platform Game\Release\Resources.res
C:\Users\Owner\Documents\Visual Studio 2012\Projects\Platform Game\Platform Game\Release\vc110.pdb
C:\Users\Owner\Documents\Visual Studio 2012\Projects\Platform Game\Release\Platform Game.pdb
C:\Users\Owner\Documents\Visual Studio 2012\Projects\Platform Game\Release\Platform Game.exe
